# JRE version: OpenJDK Runtime Environment (19.0.2+7) (build 19.0.2+7-44)
# Java VM: OpenJDK 64-Bit Server VM (19.0.2+7-44, mixed mode, sharing, tiered, compressed oops, compressed class ptrs, g1 gc, windows-amd64)
GC Precious Log:
 CardTable entry size: 512
 Card Set container configuration: InlinePtr #cards 4 size 8 Array Of Cards #cards 16 size 48 Howl #buckets 8 coarsen threshold 3686 Howl Bitmap #cards 512 size 80 coarsen threshold 460 Card regions per heap region 1 cards per card region 4096
 CPUs: 8 total, 8 available
 Memory: 16216M
 Large Page Support: Disabled
 NUMA Support: Disabled
 Compressed Oops: Enabled (Zero based)
 Heap Region Size: 2M
 Heap Min Capacity: 8M
 Heap Initial Capacity: 254M
 Heap Max Capacity: 4056M
 Pre-touch: Disabled
 Parallel Workers: 8
 Concurrent Workers: 2
 Concurrent Refinement Workers: 8
 Periodic GC: Disabled
Heap:
 garbage-first heap   total 90112K, used 33876K [0x0000000702800000, 0x0000000800000000)
  region size 2048K, 3 young (6144K), 1 survivors (2048K)
 Metaspace       used 27389K, committed 27904K, reserved 1114112K
  class space    used 3396K, committed 3648K, reserved 1048576K
GC Heap History (14 events):
Event: 0.594 GC heap before
{Heap before GC invocations=0 (full 0):
 garbage-first heap   total 260096K, used 22528K [0x0000000702800000, 0x0000000800000000)
  region size 2048K, 11 young (22528K), 0 survivors (0K)
 Metaspace       used 5225K, committed 5504K, reserved 1114112K
  class space    used 594K, committed 704K, reserved 1048576K
}
Event: 0.596 GC heap after
{Heap after GC invocations=1 (full 0):
 garbage-first heap   total 260096K, used 2645K [0x0000000702800000, 0x0000000800000000)
  region size 2048K, 2 young (4096K), 2 survivors (4096K)
 Metaspace       used 5225K, committed 5504K, reserved 1114112K
  class space    used 594K, committed 704K, reserved 1048576K
}
Event: 7.376 GC heap before
{Heap before GC invocations=1 (full 0):
 garbage-first heap   total 260096K, used 51797K [0x0000000702800000, 0x0000000800000000)
  region size 2048K, 22 young (45056K), 2 survivors (4096K)
 Metaspace       used 17330K, committed 17728K, reserved 1114112K
  class space    used 2285K, committed 2496K, reserved 1048576K
}
Event: 7.382 GC heap after
{Heap after GC invocations=2 (full 0):
 garbage-first heap   total 260096K, used 19584K [0x0000000702800000, 0x0000000800000000)
  region size 2048K, 3 young (6144K), 3 survivors (6144K)
 Metaspace       used 17330K, committed 17728K, reserved 1114112K
  class space    used 2285K, committed 2496K, reserved 1048576K
}
Event: 7.608 GC heap before
{Heap before GC invocations=2 (full 0):
 garbage-first heap   total 260096K, used 29824K [0x0000000702800000, 0x0000000800000000)
  region size 2048K, 9 young (18432K), 3 survivors (6144K)
 Metaspace       used 21059K, committed 21504K, reserved 1114112K
  class space    used 2746K, committed 2944K, reserved 1048576K
}
Event: 7.613 GC heap after
{Heap after GC invocations=3 (full 0):
 garbage-first heap   total 260096K, used 20754K [0x0000000702800000, 0x0000000800000000)
  region size 2048K, 4 young (8192K), 4 survivors (8192K)
 Metaspace       used 21059K, committed 21504K, reserved 1114112K
  class space    used 2746K, committed 2944K, reserved 1048576K
}
Event: 8.249 GC heap before
{Heap before GC invocations=4 (full 0):
 garbage-first heap   total 90112K, used 63762K [0x0000000702800000, 0x0000000800000000)
  region size 2048K, 26 young (53248K), 4 survivors (8192K)
 Metaspace       used 24550K, committed 25024K, reserved 1114112K
  class space    used 3162K, committed 3392K, reserved 1048576K
}
Event: 8.256 GC heap after
{Heap after GC invocations=5 (full 0):
 garbage-first heap   total 90112K, used 31317K [0x0000000702800000, 0x0000000800000000)
  region size 2048K, 4 young (8192K), 4 survivors (8192K)
 Metaspace       used 24550K, committed 25024K, reserved 1114112K
  class space    used 3162K, committed 3392K, reserved 1048576K
}
Event: 8.258 GC heap before
{Heap before GC invocations=5 (full 0):
 garbage-first heap   total 90112K, used 33365K [0x0000000702800000, 0x0000000800000000)
  region size 2048K, 5 young (10240K), 4 survivors (8192K)
 Metaspace       used 24553K, committed 25024K, reserved 1114112K
  class space    used 3162K, committed 3392K, reserved 1048576K
}
Event: 8.262 GC heap after
{Heap after GC invocations=6 (full 0):
 garbage-first heap   total 90112K, used 33079K [0x0000000702800000, 0x0000000800000000)
  region size 2048K, 1 young (2048K), 1 survivors (2048K)
 Metaspace       used 24553K, committed 25024K, reserved 1114112K
  class space    used 3162K, committed 3392K, reserved 1048576K
}
Event: 9.160 GC heap before
{Heap before GC invocations=6 (full 0):
 garbage-first heap   total 90112K, used 57655K [0x0000000702800000, 0x0000000800000000)
  region size 2048K, 14 young (28672K), 1 survivors (2048K)
 Metaspace       used 24818K, committed 25344K, reserved 1114112K
  class space    used 3170K, committed 3392K, reserved 1048576K
}
Event: 9.162 GC heap after
{Heap after GC invocations=7 (full 0):
 garbage-first heap   total 90112K, used 36864K [0x0000000702800000, 0x0000000800000000)
  region size 2048K, 2 young (4096K), 2 survivors (4096K)
 Metaspace       used 24818K, committed 25344K, reserved 1114112K
  class space    used 3170K, committed 3392K, reserved 1048576K
}
Event: 9.212 GC heap before
{Heap before GC invocations=7 (full 0):
 garbage-first heap   total 90112K, used 45056K [0x0000000702800000, 0x0000000800000000)
  region size 2048K, 4 young (8192K), 2 survivors (4096K)
 Metaspace       used 25134K, committed 25664K, reserved 1114112K
  class space    used 3201K, committed 3456K, reserved 1048576K
}
Event: 9.214 GC heap after
{Heap after GC invocations=8 (full 0):
 garbage-first heap   total 90112K, used 41416K [0x0000000702800000, 0x0000000800000000)
  region size 2048K, 1 young (2048K), 1 survivors (2048K)
 Metaspace       used 25134K, committed 25664K, reserved 1114112K
  class space    used 3201K, committed 3456K, reserved 1048576K
}

